<?xml version="1.0" encoding="UTF-8"?>
<testsuite xmlns:xsi="http://www.w3.org/2001/XMLSchema-instance" xsi:noNamespaceSchemaLocation="https://maven.apache.org/surefire/maven-surefire-plugin/xsd/surefire-test-report-3.0.xsd" version="3.0" name="AutomationTest.vedlogic.runner.RunnerTest" time="28.878" tests="5" errors="0" skipped="0" failures="0">
  <properties>
[...]
</properties>
  <testcase name="runScenario[&quot;Fetch a single user by id&quot;, &quot;ReqRes API Test&quot;](1)" classname="AutomationTest.vedlogic.runner.RunnerTest" time="3.273">
    <system-out><![CDATA[
@api
Scenario: Fetch a single user by id                  # src/test/resources/features/API-Test.feature:4
  Given the ReqRes API client is available           # AutomationTest.vedlogic.stepdefinitions.APISteps.theReqResApiClientIsAvailable()
  When the user fetches user with id 2               # AutomationTest.vedlogic.stepdefinitions.APISteps.theUserFetchesUserWithId(java.lang.Integer)
  Then the API response status should be 200         # AutomationTest.vedlogic.stepdefinitions.APISteps.theApiResponseStatusShouldBe(java.lang.Integer)
  And the response should contain first name "Janet" # AutomationTest.vedlogic.stepdefinitions.APISteps.theResponseShouldContainFirstName(java.lang.String)
]]></system-out>
    <system-err><![CDATA[SLF4J(W): No SLF4J providers were found.
SLF4J(W): Defaulting to no-operation (NOP) logger implementation
SLF4J(W): See https://www.slf4j.org/codes.html#noProviders for further details.
]]></system-err>
  </testcase>
  <testcase name="runScenario[&quot;Create a new user&quot;, &quot;ReqRes API Test&quot;](2)" classname="AutomationTest.vedlogic.runner.RunnerTest" time="0.709">
    <system-out><![CDATA[
@api
Scenario: Create a new user                                                          # src/test/resources/features/API-Test.feature:10
  Given the ReqRes API client is available                                           # AutomationTest.vedlogic.stepdefinitions.APISteps.theReqResApiClientIsAvailable()
  When the user creates a new ReqRes user with name "Vedlogic" and job "QA Engineer" # AutomationTest.vedlogic.stepdefinitions.APISteps.theUserCreatesANewReqResUserWithNameAndJob(java.lang.String,java.lang.String)
  Then the API response status should be 201                                         # AutomationTest.vedlogic.stepdefinitions.APISteps.theApiResponseStatusShouldBe(java.lang.Integer)
  And the created response should contain name "Vedlogic"                            # AutomationTest.vedlogic.stepdefinitions.APISteps.theCreatedResponseShouldContainName(java.lang.String)
]]></system-out>
  </testcase>
  <testcase name="runScenario[&quot;Delete a user&quot;, &quot;ReqRes API Test&quot;](3)" classname="AutomationTest.vedlogic.runner.RunnerTest" time="0.332">
    <system-out><![CDATA[
@api
Scenario: Delete a user                      # src/test/resources/features/API-Test.feature:16
  Given the ReqRes API client is available   # AutomationTest.vedlogic.stepdefinitions.APISteps.theReqResApiClientIsAvailable()
  When the user deletes user with id 2       # AutomationTest.vedlogic.stepdefinitions.APISteps.theUserDeletesUserWithId(java.lang.Integer)
  Then the API response status should be 204 # AutomationTest.vedlogic.stepdefinitions.APISteps.theApiResponseStatusShouldBe(java.lang.Integer)
]]></system-out>
  </testcase>
  <testcase name="runScenario[&quot;Valid user completes a simple order journey&quot;, &quot;SauceDemo UI Test&quot;](4)" classname="AutomationTest.vedlogic.runner.RunnerTest" time="12.058">
    <system-out><![CDATA[
@ui
Scenario: Valid user completes a simple order journey # src/test/resources/features/UI-Test.feature:4
  Given the user opens the SauceDemo login page       # AutomationTest.vedlogic.stepdefinitions.UISteps.theUserOpensTheSauceDemoLoginPage()
  When the user logs in with valid credentials        # AutomationTest.vedlogic.stepdefinitions.UISteps.theUserLogsInWithValidCredentials()
  Then the products page should be displayed          # AutomationTest.vedlogic.stepdefinitions.UISteps.theProductsPageShouldBeDisplayed()
  And the user adds a backpack to the cart            # AutomationTest.vedlogic.stepdefinitions.UISteps.theUserAddsABackpackToTheCart()
  And the user opens the cart                         # AutomationTest.vedlogic.stepdefinitions.UISteps.theUserOpensTheCart()
  Then the cart should contain the backpack           # AutomationTest.vedlogic.stepdefinitions.UISteps.theCartShouldContainTheBackpack()
  When the user completes checkout                    # AutomationTest.vedlogic.stepdefinitions.UISteps.theUserCompletesCheckout()
  Then the order should be completed successfully     # AutomationTest.vedlogic.stepdefinitions.UISteps.theOrderShouldBeCompletedSuccessfully()
]]></system-out>
  </testcase>
  <testcase name="runScenario[&quot;Invalid login shows an error message&quot;, &quot;SauceDemo UI Test&quot;](5)" classname="AutomationTest.vedlogic.runner.RunnerTest" time="10.682">
    <system-out><![CDATA[
@ui
Scenario: Invalid login shows an error message                                        # src/test/resources/features/UI-Test.feature:14
  Given the user opens the SauceDemo login page                                       # AutomationTest.vedlogic.stepdefinitions.UISteps.theUserOpensTheSauceDemoLoginPage()
  When the user logs in with username "locked_out_user" and password "wrong_password" # AutomationTest.vedlogic.stepdefinitions.UISteps.theUserLogsInWithUsernameAndPassword(java.lang.String,java.lang.String)
  Then an error message should be displayed                                           # AutomationTest.vedlogic.stepdefinitions.UISteps.anErrorMessageShouldBeDisplayed()
]]></system-out>
  </testcase>
</testsuite>