<?xml version="1.0" encoding="UTF-8"?>
<testng-results ignored="0" total="5" passed="5" failed="0" skipped="0">
  <reporter-output>
  </reporter-output>
  <suite started-at="2026-06-07T14:54:35 IST" name="Surefire suite" finished-at="2026-06-07T14:54:54 IST" duration-ms="19135">
    <groups>
      <group name="cucumber">
        <method signature="AbstractTestNGCucumberTests.runScenario(io.cucumber.testng.PickleWrapper,io.cucumber.testng.FeatureWrapper)[pri:0, instance:AutomationTest.vedlogic.runner.RunnerTest@7ed7259e]" name="runScenario" class="io.cucumber.testng.AbstractTestNGCucumberTests"/>
      </group> <!-- cucumber -->
    </groups>
    <test started-at="2026-06-07T14:54:35 IST" name="Surefire test" finished-at="2026-06-07T14:54:54 IST" duration-ms="19135">
      <class name="AutomationTest.vedlogic.runner.RunnerTest">
        <test-method is-config="true" signature="setUpClass(org.testng.ITestContext)[pri:0, instance:AutomationTest.vedlogic.runner.RunnerTest@7ed7259e]" started-at="2026-06-07T14:54:35 IST" name="setUpClass" finished-at="2026-06-07T14:54:36 IST" duration-ms="430" status="PASS">
          <params>
            <param index="0">
              <value>
                <![CDATA[org.testng.TestRunner@183e8023]]>
              </value>
            </param>
          </params>
          <reporter-output>
          </reporter-output>
        </test-method> <!-- setUpClass -->
        <test-method signature="runScenario(io.cucumber.testng.PickleWrapper,io.cucumber.testng.FeatureWrapper)[pri:0, instance:AutomationTest.vedlogic.runner.RunnerTest@7ed7259e]" started-at="2026-06-07T14:54:36 IST" name="runScenario" description="Runs Cucumber Scenarios" data-provider="scenarios" finished-at="2026-06-07T14:54:40 IST" duration-ms="4712" status="PASS">
          <params>
            <param index="0">
              <value>
                <![CDATA["Fetch a single user by id"]]>
              </value>
            </param>
            <param index="1">
              <value>
                <![CDATA["ReqRes API Test"]]>
              </value>
            </param>
          </params>
          <reporter-output>
          </reporter-output>
        </test-method> <!-- runScenario -->
        <test-method signature="runScenario(io.cucumber.testng.PickleWrapper,io.cucumber.testng.FeatureWrapper)[pri:0, instance:AutomationTest.vedlogic.runner.RunnerTest@7ed7259e]" started-at="2026-06-07T14:54:36 IST" name="runScenario" description="Runs Cucumber Scenarios" data-provider="scenarios" finished-at="2026-06-07T14:54:39 IST" duration-ms="2844" status="PASS">
          <params>
            <param index="0">
              <value>
                <![CDATA["Delete a user"]]>
              </value>
            </param>
            <param index="1">
              <value>
                <![CDATA["ReqRes API Test"]]>
              </value>
            </param>
          </params>
          <reporter-output>
          </reporter-output>
        </test-method> <!-- runScenario -->
        <test-method signature="runScenario(io.cucumber.testng.PickleWrapper,io.cucumber.testng.FeatureWrapper)[pri:0, instance:AutomationTest.vedlogic.runner.RunnerTest@7ed7259e]" started-at="2026-06-07T14:54:36 IST" name="runScenario" description="Runs Cucumber Scenarios" data-provider="scenarios" finished-at="2026-06-07T14:54:53 IST" duration-ms="17738" status="PASS">
          <params>
            <param index="0">
              <value>
                <![CDATA["Valid user completes a simple order journey"]]>
              </value>
            </param>
            <param index="1">
              <value>
                <![CDATA["SauceDemo UI Test"]]>
              </value>
            </param>
          </params>
          <reporter-output>
          </reporter-output>
        </test-method> <!-- runScenario -->
        <test-method signature="runScenario(io.cucumber.testng.PickleWrapper,io.cucumber.testng.FeatureWrapper)[pri:0, instance:AutomationTest.vedlogic.runner.RunnerTest@7ed7259e]" started-at="2026-06-07T14:54:36 IST" name="runScenario" description="Runs Cucumber Scenarios" data-provider="scenarios" finished-at="2026-06-07T14:54:40 IST" duration-ms="4712" status="PASS">
          <params>
            <param index="0">
              <value>
                <![CDATA["Create a new user"]]>
              </value>
            </param>
            <param index="1">
              <value>
                <![CDATA["ReqRes API Test"]]>
              </value>
            </param>
          </params>
          <reporter-output>
          </reporter-output>
        </test-method> <!-- runScenario -->
        <test-method signature="runScenario(io.cucumber.testng.PickleWrapper,io.cucumber.testng.FeatureWrapper)[pri:0, instance:AutomationTest.vedlogic.runner.RunnerTest@7ed7259e]" started-at="2026-06-07T14:54:36 IST" name="runScenario" description="Runs Cucumber Scenarios" data-provider="scenarios" finished-at="2026-06-07T14:54:54 IST" duration-ms="18405" status="PASS">
          <params>
            <param index="0">
              <value>
                <![CDATA["Invalid login shows an error message"]]>
              </value>
            </param>
            <param index="1">
              <value>
                <![CDATA["SauceDemo UI Test"]]>
              </value>
            </param>
          </params>
          <reporter-output>
          </reporter-output>
        </test-method> <!-- runScenario -->
        <test-method is-config="true" signature="tearDownClass()[pri:0, instance:AutomationTest.vedlogic.runner.RunnerTest@7ed7259e]" started-at="2026-06-07T14:54:54 IST" name="tearDownClass" finished-at="2026-06-07T14:54:54 IST" duration-ms="258" status="PASS">
          <reporter-output>
          </reporter-output>
        </test-method> <!-- tearDownClass -->
      </class> <!-- AutomationTest.vedlogic.runner.RunnerTest -->
    </test> <!-- Surefire test -->
  </suite> <!-- Surefire suite -->
</testng-results>
