<?xml version="1.0" encoding="UTF-8"?>
<testng-results ignored="0" total="5" passed="5" failed="0" skipped="0">
  <reporter-output>
  </reporter-output>
  <suite started-at="2026-06-01T18:41:59 IST" name="Surefire suite" finished-at="2026-06-01T18:42:27 IST" duration-ms="27943">
    <groups>
      <group name="cucumber">
        <method signature="AbstractTestNGCucumberTests.runScenario(io.cucumber.testng.PickleWrapper,io.cucumber.testng.FeatureWrapper)[pri:0, instance:AutomationTest.vedlogic.runner.RunnerTest@7ed7259e]" name="runScenario" class="io.cucumber.testng.AbstractTestNGCucumberTests"/>
      </group> <!-- cucumber -->
    </groups>
    <test started-at="2026-06-01T18:41:59 IST" name="Surefire test" finished-at="2026-06-01T18:42:27 IST" duration-ms="27943">
      <class name="AutomationTest.vedlogic.runner.RunnerTest">
        <test-method is-config="true" signature="setUpClass(org.testng.ITestContext)[pri:0, instance:AutomationTest.vedlogic.runner.RunnerTest@7ed7259e]" started-at="2026-06-01T18:41:59 IST" name="setUpClass" finished-at="2026-06-01T18:41:59 IST" duration-ms="593" status="PASS">
          <params>
            <param index="0">
              <value>
                <![CDATA[org.testng.TestRunner@2e6b379c]]>
              </value>
            </param>
          </params>
          <reporter-output>
          </reporter-output>
        </test-method> <!-- setUpClass -->
        <test-method signature="runScenario(io.cucumber.testng.PickleWrapper,io.cucumber.testng.FeatureWrapper)[pri:0, instance:AutomationTest.vedlogic.runner.RunnerTest@7ed7259e]" started-at="2026-06-01T18:41:59 IST" name="runScenario" description="Runs Cucumber Scenarios" data-provider="scenarios" finished-at="2026-06-01T18:42:02 IST" duration-ms="3271" status="PASS">
          <params>
            <param index="0">
              <value>
                <![CDATA["Fetch a single user by id"]]>
              </value>
            </param>
            <param index="1">
              <value>
                <![CDATA["ReqRes API Test"]]>
              </value>
            </param>
          </params>
          <reporter-output>
          </reporter-output>
        </test-method> <!-- runScenario -->
        <test-method signature="runScenario(io.cucumber.testng.PickleWrapper,io.cucumber.testng.FeatureWrapper)[pri:0, instance:AutomationTest.vedlogic.runner.RunnerTest@7ed7259e]" started-at="2026-06-01T18:42:02 IST" name="runScenario" description="Runs Cucumber Scenarios" data-provider="scenarios" finished-at="2026-06-01T18:42:03 IST" duration-ms="721" status="PASS">
          <params>
            <param index="0">
              <value>
                <![CDATA["Create a new user"]]>
              </value>
            </param>
            <param index="1">
              <value>
                <![CDATA["ReqRes API Test"]]>
              </value>
            </param>
          </params>
          <reporter-output>
          </reporter-output>
        </test-method> <!-- runScenario -->
        <test-method signature="runScenario(io.cucumber.testng.PickleWrapper,io.cucumber.testng.FeatureWrapper)[pri:0, instance:AutomationTest.vedlogic.runner.RunnerTest@7ed7259e]" started-at="2026-06-01T18:42:03 IST" name="runScenario" description="Runs Cucumber Scenarios" data-provider="scenarios" finished-at="2026-06-01T18:42:04 IST" duration-ms="339" status="PASS">
          <params>
            <param index="0">
              <value>
                <![CDATA["Delete a user"]]>
              </value>
            </param>
            <param index="1">
              <value>
                <![CDATA["ReqRes API Test"]]>
              </value>
            </param>
          </params>
          <reporter-output>
          </reporter-output>
        </test-method> <!-- runScenario -->
        <test-method signature="runScenario(io.cucumber.testng.PickleWrapper,io.cucumber.testng.FeatureWrapper)[pri:0, instance:AutomationTest.vedlogic.runner.RunnerTest@7ed7259e]" started-at="2026-06-01T18:42:04 IST" name="runScenario" description="Runs Cucumber Scenarios" data-provider="scenarios" finished-at="2026-06-01T18:42:16 IST" duration-ms="12065" status="PASS">
          <params>
            <param index="0">
              <value>
                <![CDATA["Valid user completes a simple order journey"]]>
              </value>
            </param>
            <param index="1">
              <value>
                <![CDATA["SauceDemo UI Test"]]>
              </value>
            </param>
          </params>
          <reporter-output>
          </reporter-output>
        </test-method> <!-- runScenario -->
        <test-method signature="runScenario(io.cucumber.testng.PickleWrapper,io.cucumber.testng.FeatureWrapper)[pri:0, instance:AutomationTest.vedlogic.runner.RunnerTest@7ed7259e]" started-at="2026-06-01T18:42:16 IST" name="runScenario" description="Runs Cucumber Scenarios" data-provider="scenarios" finished-at="2026-06-01T18:42:26 IST" duration-ms="10687" status="PASS">
          <params>
            <param index="0">
              <value>
                <![CDATA["Invalid login shows an error message"]]>
              </value>
            </param>
            <param index="1">
              <value>
                <![CDATA["SauceDemo UI Test"]]>
              </value>
            </param>
          </params>
          <reporter-output>
          </reporter-output>
        </test-method> <!-- runScenario -->
        <test-method is-config="true" signature="tearDownClass()[pri:0, instance:AutomationTest.vedlogic.runner.RunnerTest@7ed7259e]" started-at="2026-06-01T18:42:26 IST" name="tearDownClass" finished-at="2026-06-01T18:42:27 IST" duration-ms="214" status="PASS">
          <reporter-output>
          </reporter-output>
        </test-method> <!-- tearDownClass -->
      </class> <!-- AutomationTest.vedlogic.runner.RunnerTest -->
    </test> <!-- Surefire test -->
  </suite> <!-- Surefire suite -->
</testng-results>
