<?xml version="1.0" encoding="UTF-8"?>
<!-- Generated by org.testng.reporters.JUnitReportReporter -->
<testsuite hostname="VL-LPT-106" failures="0" tests="5" name="AutomationTest.vedlogic.runner.RunnerTest" time="48.411" errors="0" timestamp="2026-06-07T14:54:55 IST" skipped="0">
  <testcase classname="AutomationTest.vedlogic.runner.RunnerTest" name="runScenario" time="4.712"/>
  <testcase classname="AutomationTest.vedlogic.runner.RunnerTest" name="runScenario" time="2.844"/>
  <testcase classname="AutomationTest.vedlogic.runner.RunnerTest" name="runScenario" time="17.738"/>
  <testcase classname="AutomationTest.vedlogic.runner.RunnerTest" name="runScenario" time="18.405"/>
  <testcase classname="AutomationTest.vedlogic.runner.RunnerTest" name="runScenario" time="4.712"/>
</testsuite> <!-- AutomationTest.vedlogic.runner.RunnerTest -->
