<?xml version="1.0" encoding="UTF-8"?>
<!-- Generated by org.testng.reporters.JUnitReportReporter -->
<testsuite hostname="VL-LPT-106" failures="0" tests="5" name="AutomationTest.vedlogic.runner.RunnerTest" time="27.083" errors="0" timestamp="2026-06-01T18:42:27 IST" skipped="0">
  <testcase classname="AutomationTest.vedlogic.runner.RunnerTest" name="runScenario" time="12.065"/>
  <testcase classname="AutomationTest.vedlogic.runner.RunnerTest" name="runScenario" time="10.687"/>
  <testcase classname="AutomationTest.vedlogic.runner.RunnerTest" name="runScenario" time="0.721"/>
  <testcase classname="AutomationTest.vedlogic.runner.RunnerTest" name="runScenario" time="0.339"/>
  <testcase classname="AutomationTest.vedlogic.runner.RunnerTest" name="runScenario" time="3.271"/>
</testsuite> <!-- AutomationTest.vedlogic.runner.RunnerTest -->
